<?xml version="1.0" encoding="UTF-8"?>
<testsuite xmlns:xsi="http://www.w3.org/2001/XMLSchema-instance" xsi:noNamespaceSchemaLocation="https://maven.apache.org/surefire/maven-surefire-plugin/xsd/surefire-test-report.xsd" name="src.FizzBuzzTest" time="0.083" tests="4" errors="4" skipped="0" failures="0">
  <properties>
    <property name="java.specification.version" value="17"/>
    <property name="sun.jnu.encoding" value="UTF-8"/>
    <property name="java.class.path" value="/home/siradj/Desktop/Master 1/S2/OutilsLibre/tp/app/target/test-classes:/home/siradj/Desktop/Master 1/S2/OutilsLibre/tp/app/target/classes:/home/siradj/.m2/repository/junit/junit/4.11/junit-4.11.jar:/home/siradj/.m2/repository/org/hamcrest/hamcrest-core/1.3/hamcrest-core-1.3.jar:/home/siradj/.m2/repository/javax/xml/bind/jaxb-api/2.4.0-b180830.0359/jaxb-api-2.4.0-b180830.0359.jar:/home/siradj/.m2/repository/javax/activation/javax.activation-api/1.2.0/javax.activation-api-1.2.0.jar:"/>
    <property name="java.vm.vendor" value="Debian"/>
    <property name="sun.arch.data.model" value="64"/>
    <property name="java.vendor.url" value="https://tracker.debian.org/openjdk-17"/>
    <property name="os.name" value="Linux"/>
    <property name="java.vm.specification.version" value="17"/>
    <property name="sun.java.launcher" value="SUN_STANDARD"/>
    <property name="user.country" value="US"/>
    <property name="sun.boot.library.path" value="/usr/lib/jvm/java-17-openjdk-amd64/lib"/>
    <property name="sun.java.command" value="/home/siradj/Desktop/Master 1/S2/OutilsLibre/tp/app/target/surefire/surefirebooter16241642853290881653.jar /home/siradj/Desktop/Master 1/S2/OutilsLibre/tp/app/target/surefire 2024-02-11T21-18-39_248-jvmRun1 surefire14995072406428805931tmp surefire_015755100962843469599tmp"/>
    <property name="jdk.debug" value="release"/>
    <property name="surefire.test.class.path" value="/home/siradj/Desktop/Master 1/S2/OutilsLibre/tp/app/target/test-classes:/home/siradj/Desktop/Master 1/S2/OutilsLibre/tp/app/target/classes:/home/siradj/.m2/repository/junit/junit/4.11/junit-4.11.jar:/home/siradj/.m2/repository/org/hamcrest/hamcrest-core/1.3/hamcrest-core-1.3.jar:/home/siradj/.m2/repository/javax/xml/bind/jaxb-api/2.4.0-b180830.0359/jaxb-api-2.4.0-b180830.0359.jar:/home/siradj/.m2/repository/javax/activation/javax.activation-api/1.2.0/javax.activation-api-1.2.0.jar:"/>
    <property name="sun.cpu.endian" value="little"/>
    <property name="user.home" value="/home/siradj"/>
    <property name="user.language" value="en"/>
    <property name="java.specification.vendor" value="Oracle Corporation"/>
    <property name="java.version.date" value="2024-01-16"/>
    <property name="java.home" value="/usr/lib/jvm/java-17-openjdk-amd64"/>
    <property name="file.separator" value="/"/>
    <property name="basedir" value="/home/siradj/Desktop/Master 1/S2/OutilsLibre/tp/app"/>
    <property name="java.vm.compressedOopsMode" value="Zero based"/>
    <property name="line.separator" value="&#10;"/>
    <property name="java.vm.specification.vendor" value="Oracle Corporation"/>
    <property name="java.specification.name" value="Java Platform API Specification"/>
    <property name="surefire.real.class.path" value="/home/siradj/Desktop/Master 1/S2/OutilsLibre/tp/app/target/surefire/surefirebooter16241642853290881653.jar"/>
    <property name="sun.management.compiler" value="HotSpot 64-Bit Tiered Compilers"/>
    <property name="java.runtime.version" value="17.0.10+7-Debian-1deb12u1"/>
    <property name="user.name" value="siradj"/>
    <property name="path.separator" value=":"/>
    <property name="os.version" value="6.1.0-17-amd64"/>
    <property name="java.runtime.name" value="OpenJDK Runtime Environment"/>
    <property name="file.encoding" value="UTF-8"/>
    <property name="java.vm.name" value="OpenJDK 64-Bit Server VM"/>
    <property name="localRepository" value="/home/siradj/.m2/repository"/>
    <property name="java.vendor.url.bug" value="https://bugs.debian.org/openjdk-17"/>
    <property name="java.io.tmpdir" value="/tmp"/>
    <property name="java.version" value="17.0.10"/>
    <property name="user.dir" value="/home/siradj/Desktop/Master 1/S2/OutilsLibre/tp/app"/>
    <property name="os.arch" value="amd64"/>
    <property name="java.vm.specification.name" value="Java Virtual Machine Specification"/>
    <property name="native.encoding" value="UTF-8"/>
    <property name="java.library.path" value="/usr/java/packages/lib:/usr/lib/x86_64-linux-gnu/jni:/lib/x86_64-linux-gnu:/usr/lib/x86_64-linux-gnu:/usr/lib/jni:/lib:/usr/lib"/>
    <property name="java.vm.info" value="mixed mode, sharing"/>
    <property name="java.vendor" value="Debian"/>
    <property name="java.vm.version" value="17.0.10+7-Debian-1deb12u1"/>
    <property name="sun.io.unicode.encoding" value="UnicodeLittle"/>
    <property name="java.class.version" value="61.0"/>
  </properties>
  <testcase name="initializationError" classname="src.FizzBuzzTest" time="0.011">
    <error message="Method should_return_Fizz_when_number_only_multiply_of_3() should be public" type="java.lang.Exception">java.lang.Exception: Method should_return_Fizz_when_number_only_multiply_of_3() should be public
</error>
  </testcase>
  <testcase name="initializationError" classname="src.FizzBuzzTest" time="0">
    <error message="Method should_return_the_same_number_as_string_when_not_number_multiply_of_3_or_5() should be public" type="java.lang.Exception">java.lang.Exception: Method should_return_the_same_number_as_string_when_not_number_multiply_of_3_or_5() should be public
</error>
  </testcase>
  <testcase name="initializationError" classname="src.FizzBuzzTest" time="0.001">
    <error message="Method should_return_Bizz_when_number_only_multiply_of_5() should be public" type="java.lang.Exception">java.lang.Exception: Method should_return_Bizz_when_number_only_multiply_of_5() should be public
</error>
  </testcase>
  <testcase name="initializationError" classname="src.FizzBuzzTest" time="0.001">
    <error message="Method should_return_FizzBuzz_when_number_multiply_of_3_and_5() should be public" type="java.lang.Exception">java.lang.Exception: Method should_return_FizzBuzz_when_number_multiply_of_3_and_5() should be public
</error>
  </testcase>
</testsuite>